12:37:19.052 [AsyncHttpClient-1-4] TRACE io.netty.handler.codec.http.websocketx.WebSocket08FrameEncoder - Encoding WebSocket Frame opCode=8 length=26
12:37:20.357 [main] INFO  testCases.TC_002_Login - launched chromebrowser
12:37:20.360 [main] INFO  testCases.TC_002_Login - started TC_002_Login 
12:37:21.131 [main] INFO  testCases.TC_002_Login - Home Page Displayed
12:37:21.624 [main] INFO  testCases.TC_002_Login - clicked on Myaccount 
12:37:21.972 [main] INFO  testCases.TC_002_Login -  clicked on Login
12:37:22.061 [main] INFO  testCases.TC_002_Login - Provided email
12:37:22.127 [main] INFO  testCases.TC_002_Login - provided password
12:37:22.826 [main] INFO  testCases.TC_002_Login - clicked Login
12:37:22.876 [main] INFO  testCases.TC_002_Login - Login success
12:37:22.876 [main] INFO  testCases.TC_002_Login - Finished TC_002_Login
12:37:22.878 [AsyncHttpClient-1-7] TRACE io.netty.handler.codec.http.websocketx.WebSocket08FrameEncoder - Encoding WebSocket Frame opCode=8 length=26
12:37:23.536 [AsyncHttpClient-1-2] DEBUG io.netty.buffer.PoolThreadCache - Freed 26 thread-local buffer(s) from thread: AsyncHttpClient-1-2
12:37:23.537 [AsyncHttpClient-1-3] DEBUG io.netty.buffer.PoolThreadCache - Freed 2 thread-local buffer(s) from thread: AsyncHttpClient-1-3
12:38:33.195 [main] DEBUG io.netty.util.internal.logging.InternalLoggerFactory - Using Log4J2 as the default logging framework
12:38:33.204 [main] DEBUG io.netty.util.ResourceLeakDetector - -Dio.netty.leakDetection.level: simple
12:38:33.204 [main] DEBUG io.netty.util.ResourceLeakDetector - -Dio.netty.leakDetection.targetRecords: 4
12:38:33.208 [main] DEBUG io.netty.util.ResourceLeakDetectorFactory - Loaded default ResourceLeakDetector: io.netty.util.ResourceLeakDetector@43a51d00
12:38:33.223 [main] DEBUG io.netty.util.internal.PlatformDependent - Platform: Windows
12:38:33.225 [main] DEBUG io.netty.util.internal.PlatformDependent0 - -Dio.netty.noUnsafe: false
12:38:33.225 [main] DEBUG io.netty.util.internal.PlatformDependent0 - Java version: 16
12:38:33.226 [main] DEBUG io.netty.util.internal.PlatformDependent0 - sun.misc.Unsafe.theUnsafe: available
12:38:33.227 [main] DEBUG io.netty.util.internal.PlatformDependent0 - sun.misc.Unsafe.copyMemory: available
12:38:33.227 [main] DEBUG io.netty.util.internal.PlatformDependent0 - java.nio.Buffer.address: available
12:38:33.228 [main] DEBUG io.netty.util.internal.PlatformDependent0 - direct buffer constructor: unavailable
java.lang.UnsupportedOperationException: Reflective setAccessible(true) disabled
	at io.netty.util.internal.ReflectionUtil.trySetAccessible(ReflectionUtil.java:31) ~[netty-common-4.1.63.Final.jar:4.1.63.Final]
	at io.netty.util.internal.PlatformDependent0$4.run(PlatformDependent0.java:239) ~[netty-common-4.1.63.Final.jar:4.1.63.Final]
	at java.security.AccessController.doPrivileged(AccessController.java:312) ~[?:?]
	at io.netty.util.internal.PlatformDependent0.<clinit>(PlatformDependent0.java:233) ~[netty-common-4.1.63.Final.jar:4.1.63.Final]
	at io.netty.util.internal.PlatformDependent.isAndroid(PlatformDependent.java:294) ~[netty-common-4.1.63.Final.jar:4.1.63.Final]
	at io.netty.util.internal.PlatformDependent.<clinit>(PlatformDependent.java:93) ~[netty-common-4.1.63.Final.jar:4.1.63.Final]
	at io.netty.util.HashedWheelTimer.<init>(HashedWheelTimer.java:109) ~[netty-common-4.1.63.Final.jar:4.1.63.Final]
	at io.netty.util.HashedWheelTimer.<init>(HashedWheelTimer.java:218) ~[netty-common-4.1.63.Final.jar:4.1.63.Final]
	at io.netty.util.HashedWheelTimer.<init>(HashedWheelTimer.java:197) ~[netty-common-4.1.63.Final.jar:4.1.63.Final]
	at org.asynchttpclient.DefaultAsyncHttpClient.newNettyTimer(DefaultAsyncHttpClient.java:111) ~[async-http-client-2.12.3.jar:?]
	at org.asynchttpclient.DefaultAsyncHttpClient.<init>(DefaultAsyncHttpClient.java:90) ~[async-http-client-2.12.3.jar:?]
	at org.asynchttpclient.Dsl.asyncHttpClient(Dsl.java:32) ~[async-http-client-2.12.3.jar:?]
	at org.openqa.selenium.remote.http.netty.NettyClient.createHttpClient(NettyClient.java:100) ~[selenium-remote-driver-4.0.0-beta-4.jar:?]
	at org.openqa.selenium.remote.http.netty.NettyClient.<clinit>(NettyClient.java:51) ~[selenium-remote-driver-4.0.0-beta-4.jar:?]
	at org.openqa.selenium.remote.http.netty.NettyClient$Factory.createClient(NettyClient.java:149) ~[selenium-remote-driver-4.0.0-beta-4.jar:?]
	at org.openqa.selenium.remote.HttpCommandExecutor.<init>(HttpCommandExecutor.java:107) ~[selenium-remote-driver-4.0.0-beta-4.jar:?]
	at org.openqa.selenium.remote.HttpCommandExecutor.<init>(HttpCommandExecutor.java:94) ~[selenium-remote-driver-4.0.0-beta-4.jar:?]
	at org.openqa.selenium.remote.HttpCommandExecutor.<init>(HttpCommandExecutor.java:85) ~[selenium-remote-driver-4.0.0-beta-4.jar:?]
	at org.openqa.selenium.remote.service.DriverCommandExecutor.<init>(DriverCommandExecutor.java:77) ~[selenium-remote-driver-4.0.0-beta-4.jar:?]
	at org.openqa.selenium.chromium.ChromiumDriverCommandExecutor.<init>(ChromiumDriverCommandExecutor.java:78) ~[selenium-chromium-driver-4.0.0-beta-4.jar:?]
	at org.openqa.selenium.chrome.ChromeDriver.<init>(ChromeDriver.java:99) ~[selenium-chrome-driver-4.0.0-beta-4.jar:?]
	at org.openqa.selenium.chrome.ChromeDriver.<init>(ChromeDriver.java:86) ~[selenium-chrome-driver-4.0.0-beta-4.jar:?]
	at org.openqa.selenium.chrome.ChromeDriver.<init>(ChromeDriver.java:41) ~[selenium-chrome-driver-4.0.0-beta-4.jar:?]
	at testBase.BaseClass.setup(BaseClass.java:45) ~[test-classes/:?]
	at jdk.internal.reflect.NativeMethodAccessorImpl.invoke0(Native Method) ~[?:?]
	at jdk.internal.reflect.NativeMethodAccessorImpl.invoke(NativeMethodAccessorImpl.java:78) ~[?:?]
	at jdk.internal.reflect.DelegatingMethodAccessorImpl.invoke(DelegatingMethodAccessorImpl.java:43) ~[?:?]
	at java.lang.reflect.Method.invoke(Method.java:567) ~[?:?]
	at org.testng.internal.MethodInvocationHelper.invokeMethod(MethodInvocationHelper.java:132) ~[testng-7.3.0.jar:?]
	at org.testng.internal.MethodInvocationHelper.invokeMethodConsideringTimeout(MethodInvocationHelper.java:61) ~[testng-7.3.0.jar:?]
	at org.testng.internal.ConfigInvoker.invokeConfigurationMethod(ConfigInvoker.java:366) ~[testng-7.3.0.jar:?]
	at org.testng.internal.ConfigInvoker.invokeConfigurations(ConfigInvoker.java:320) ~[testng-7.3.0.jar:?]
	at org.testng.internal.TestMethodWorker.invokeBeforeClassMethods(TestMethodWorker.java:176) ~[testng-7.3.0.jar:?]
	at org.testng.internal.TestMethodWorker.run(TestMethodWorker.java:122) ~[testng-7.3.0.jar:?]
	at java.util.ArrayList.forEach(ArrayList.java:1511) [?:?]
	at org.testng.TestRunner.privateRun(TestRunner.java:764) [testng-7.3.0.jar:?]
	at org.testng.TestRunner.run(TestRunner.java:585) [testng-7.3.0.jar:?]
	at org.testng.SuiteRunner.runTest(SuiteRunner.java:384) [testng-7.3.0.jar:?]
	at org.testng.SuiteRunner.runSequentially(SuiteRunner.java:378) [testng-7.3.0.jar:?]
	at org.testng.SuiteRunner.privateRun(SuiteRunner.java:337) [testng-7.3.0.jar:?]
	at org.testng.SuiteRunner.run(SuiteRunner.java:286) [testng-7.3.0.jar:?]
	at org.testng.SuiteRunnerWorker.runSuite(SuiteRunnerWorker.java:53) [testng-7.3.0.jar:?]
	at org.testng.SuiteRunnerWorker.run(SuiteRunnerWorker.java:96) [testng-7.3.0.jar:?]
	at org.testng.TestNG.runSuitesSequentially(TestNG.java:1218) [testng-7.3.0.jar:?]
	at org.testng.TestNG.runSuitesLocally(TestNG.java:1140) [testng-7.3.0.jar:?]
	at org.testng.TestNG.runSuites(TestNG.java:1069) [testng-7.3.0.jar:?]
	at org.testng.TestNG.run(TestNG.java:1037) [testng-7.3.0.jar:?]
	at org.testng.remote.AbstractRemoteTestNG.run(AbstractRemoteTestNG.java:115) [testng-remote.jar:?]
	at org.testng.remote.RemoteTestNG.initAndRun(RemoteTestNG.java:251) [testng-remote.jar:?]
	at org.testng.remote.RemoteTestNG.main(RemoteTestNG.java:77) [testng-remote.jar:?]
12:38:33.235 [main] DEBUG io.netty.util.internal.PlatformDependent0 - java.nio.Bits.unaligned: available, true
12:38:33.236 [main] DEBUG io.netty.util.internal.PlatformDependent0 - jdk.internal.misc.Unsafe.allocateUninitializedArray(int): unavailable
java.lang.IllegalAccessException: class io.netty.util.internal.PlatformDependent0$6 cannot access class jdk.internal.misc.Unsafe (in module java.base) because module java.base does not export jdk.internal.misc to unnamed module @4667ae56
	at jdk.internal.reflect.Reflection.newIllegalAccessException(Reflection.java:385) ~[?:?]
	at java.lang.reflect.AccessibleObject.checkAccess(AccessibleObject.java:687) ~[?:?]
	at java.lang.reflect.Method.invoke(Method.java:559) ~[?:?]
	at io.netty.util.internal.PlatformDependent0$6.run(PlatformDependent0.java:353) ~[netty-common-4.1.63.Final.jar:4.1.63.Final]
	at java.security.AccessController.doPrivileged(AccessController.java:312) ~[?:?]
	at io.netty.util.internal.PlatformDependent0.<clinit>(PlatformDependent0.java:344) ~[netty-common-4.1.63.Final.jar:4.1.63.Final]
	at io.netty.util.internal.PlatformDependent.isAndroid(PlatformDependent.java:294) ~[netty-common-4.1.63.Final.jar:4.1.63.Final]
	at io.netty.util.internal.PlatformDependent.<clinit>(PlatformDependent.java:93) ~[netty-common-4.1.63.Final.jar:4.1.63.Final]
	at io.netty.util.HashedWheelTimer.<init>(HashedWheelTimer.java:109) ~[netty-common-4.1.63.Final.jar:4.1.63.Final]
	at io.netty.util.HashedWheelTimer.<init>(HashedWheelTimer.java:218) ~[netty-common-4.1.63.Final.jar:4.1.63.Final]
	at io.netty.util.HashedWheelTimer.<init>(HashedWheelTimer.java:197) ~[netty-common-4.1.63.Final.jar:4.1.63.Final]
	at org.asynchttpclient.DefaultAsyncHttpClient.newNettyTimer(DefaultAsyncHttpClient.java:111) ~[async-http-client-2.12.3.jar:?]
	at org.asynchttpclient.DefaultAsyncHttpClient.<init>(DefaultAsyncHttpClient.java:90) ~[async-http-client-2.12.3.jar:?]
	at org.asynchttpclient.Dsl.asyncHttpClient(Dsl.java:32) ~[async-http-client-2.12.3.jar:?]
	at org.openqa.selenium.remote.http.netty.NettyClient.createHttpClient(NettyClient.java:100) ~[selenium-remote-driver-4.0.0-beta-4.jar:?]
	at org.openqa.selenium.remote.http.netty.NettyClient.<clinit>(NettyClient.java:51) ~[selenium-remote-driver-4.0.0-beta-4.jar:?]
	at org.openqa.selenium.remote.http.netty.NettyClient$Factory.createClient(NettyClient.java:149) ~[selenium-remote-driver-4.0.0-beta-4.jar:?]
	at org.openqa.selenium.remote.HttpCommandExecutor.<init>(HttpCommandExecutor.java:107) ~[selenium-remote-driver-4.0.0-beta-4.jar:?]
	at org.openqa.selenium.remote.HttpCommandExecutor.<init>(HttpCommandExecutor.java:94) ~[selenium-remote-driver-4.0.0-beta-4.jar:?]
	at org.openqa.selenium.remote.HttpCommandExecutor.<init>(HttpCommandExecutor.java:85) ~[selenium-remote-driver-4.0.0-beta-4.jar:?]
	at org.openqa.selenium.remote.service.DriverCommandExecutor.<init>(DriverCommandExecutor.java:77) ~[selenium-remote-driver-4.0.0-beta-4.jar:?]
	at org.openqa.selenium.chromium.ChromiumDriverCommandExecutor.<init>(ChromiumDriverCommandExecutor.java:78) ~[selenium-chromium-driver-4.0.0-beta-4.jar:?]
	at org.openqa.selenium.chrome.ChromeDriver.<init>(ChromeDriver.java:99) ~[selenium-chrome-driver-4.0.0-beta-4.jar:?]
	at org.openqa.selenium.chrome.ChromeDriver.<init>(ChromeDriver.java:86) ~[selenium-chrome-driver-4.0.0-beta-4.jar:?]
	at org.openqa.selenium.chrome.ChromeDriver.<init>(ChromeDriver.java:41) ~[selenium-chrome-driver-4.0.0-beta-4.jar:?]
	at testBase.BaseClass.setup(BaseClass.java:45) ~[test-classes/:?]
	at jdk.internal.reflect.NativeMethodAccessorImpl.invoke0(Native Method) ~[?:?]
	at jdk.internal.reflect.NativeMethodAccessorImpl.invoke(NativeMethodAccessorImpl.java:78) ~[?:?]
	at jdk.internal.reflect.DelegatingMethodAccessorImpl.invoke(DelegatingMethodAccessorImpl.java:43) ~[?:?]
	at java.lang.reflect.Method.invoke(Method.java:567) ~[?:?]
	at org.testng.internal.MethodInvocationHelper.invokeMethod(MethodInvocationHelper.java:132) ~[testng-7.3.0.jar:?]
	at org.testng.internal.MethodInvocationHelper.invokeMethodConsideringTimeout(MethodInvocationHelper.java:61) ~[testng-7.3.0.jar:?]
	at org.testng.internal.ConfigInvoker.invokeConfigurationMethod(ConfigInvoker.java:366) ~[testng-7.3.0.jar:?]
	at org.testng.internal.ConfigInvoker.invokeConfigurations(ConfigInvoker.java:320) ~[testng-7.3.0.jar:?]
	at org.testng.internal.TestMethodWorker.invokeBeforeClassMethods(TestMethodWorker.java:176) ~[testng-7.3.0.jar:?]
	at org.testng.internal.TestMethodWorker.run(TestMethodWorker.java:122) ~[testng-7.3.0.jar:?]
	at java.util.ArrayList.forEach(ArrayList.java:1511) [?:?]
	at org.testng.TestRunner.privateRun(TestRunner.java:764) [testng-7.3.0.jar:?]
	at org.testng.TestRunner.run(TestRunner.java:585) [testng-7.3.0.jar:?]
	at org.testng.SuiteRunner.runTest(SuiteRunner.java:384) [testng-7.3.0.jar:?]
	at org.testng.SuiteRunner.runSequentially(SuiteRunner.java:378) [testng-7.3.0.jar:?]
	at org.testng.SuiteRunner.privateRun(SuiteRunner.java:337) [testng-7.3.0.jar:?]
	at org.testng.SuiteRunner.run(SuiteRunner.java:286) [testng-7.3.0.jar:?]
	at org.testng.SuiteRunnerWorker.runSuite(SuiteRunnerWorker.java:53) [testng-7.3.0.jar:?]
	at org.testng.SuiteRunnerWorker.run(SuiteRunnerWorker.java:96) [testng-7.3.0.jar:?]
	at org.testng.TestNG.runSuitesSequentially(TestNG.java:1218) [testng-7.3.0.jar:?]
	at org.testng.TestNG.runSuitesLocally(TestNG.java:1140) [testng-7.3.0.jar:?]
	at org.testng.TestNG.runSuites(TestNG.java:1069) [testng-7.3.0.jar:?]
	at org.testng.TestNG.run(TestNG.java:1037) [testng-7.3.0.jar:?]
	at org.testng.remote.AbstractRemoteTestNG.run(AbstractRemoteTestNG.java:115) [testng-remote.jar:?]
	at org.testng.remote.RemoteTestNG.initAndRun(RemoteTestNG.java:251) [testng-remote.jar:?]
	at org.testng.remote.RemoteTestNG.main(RemoteTestNG.java:77) [testng-remote.jar:?]
12:38:33.238 [main] DEBUG io.netty.util.internal.PlatformDependent0 - java.nio.DirectByteBuffer.<init>(long, int): unavailable
12:38:33.239 [main] DEBUG io.netty.util.internal.PlatformDependent - sun.misc.Unsafe: available
12:38:33.239 [main] DEBUG io.netty.util.internal.PlatformDependent - maxDirectMemory: 2113929216 bytes (maybe)
12:38:33.239 [main] DEBUG io.netty.util.internal.PlatformDependent - -Dio.netty.tmpdir: C:\Users\remya\AppData\Local\Temp (java.io.tmpdir)
12:38:33.239 [main] DEBUG io.netty.util.internal.PlatformDependent - -Dio.netty.bitMode: 64 (sun.arch.data.model)
12:38:33.240 [main] DEBUG io.netty.util.internal.PlatformDependent - -Dio.netty.maxDirectMemory: -1 bytes
12:38:33.240 [main] DEBUG io.netty.util.internal.PlatformDependent - -Dio.netty.uninitializedArrayAllocationThreshold: -1
12:38:33.242 [main] DEBUG io.netty.util.internal.CleanerJava9 - java.nio.ByteBuffer.cleaner(): available
12:38:33.242 [main] DEBUG io.netty.util.internal.PlatformDependent - -Dio.netty.noPreferDirect: false
12:38:33.249 [main] DEBUG io.netty.util.internal.PlatformDependent - org.jctools-core.MpscChunkedArrayQueue: available
12:38:33.266 [main] DEBUG io.netty.util.internal.InternalThreadLocalMap - -Dio.netty.threadLocalMap.stringBuilder.initialSize: 1024
12:38:33.266 [main] DEBUG io.netty.util.internal.InternalThreadLocalMap - -Dio.netty.threadLocalMap.stringBuilder.maxSize: 4096
12:38:33.305 [main] DEBUG io.netty.handler.ssl.JdkSslContext - Default protocols (JDK): [TLSv1.3, TLSv1.2] 
12:38:33.305 [main] DEBUG io.netty.handler.ssl.JdkSslContext - Default cipher suites (JDK): [TLS_ECDHE_ECDSA_WITH_AES_256_GCM_SHA384, TLS_ECDHE_ECDSA_WITH_AES_128_GCM_SHA256, TLS_ECDHE_RSA_WITH_AES_128_GCM_SHA256, TLS_ECDHE_RSA_WITH_AES_256_GCM_SHA384, TLS_ECDHE_RSA_WITH_AES_128_CBC_SHA, TLS_ECDHE_RSA_WITH_AES_256_CBC_SHA, TLS_RSA_WITH_AES_128_GCM_SHA256, TLS_RSA_WITH_AES_128_CBC_SHA, TLS_RSA_WITH_AES_256_CBC_SHA, TLS_AES_128_GCM_SHA256, TLS_AES_256_GCM_SHA384]
12:38:33.343 [main] DEBUG io.netty.channel.MultithreadEventLoopGroup - -Dio.netty.eventLoopThreads: 16
12:38:33.356 [main] DEBUG io.netty.channel.nio.NioEventLoop - -Dio.netty.noKeySetOptimization: false
12:38:33.357 [main] DEBUG io.netty.channel.nio.NioEventLoop - -Dio.netty.selectorAutoRebuildThreshold: 512
12:38:33.375 [main] TRACE io.netty.channel.nio.NioEventLoop - instrumented a special java.util.Set into: sun.nio.ch.WindowsSelectorImpl@1a0b5323
12:38:33.377 [main] TRACE io.netty.channel.nio.NioEventLoop - instrumented a special java.util.Set into: sun.nio.ch.WindowsSelectorImpl@34d4860f
12:38:33.379 [main] TRACE io.netty.channel.nio.NioEventLoop - instrumented a special java.util.Set into: sun.nio.ch.WindowsSelectorImpl@665522c2
12:38:33.380 [main] TRACE io.netty.channel.nio.NioEventLoop - instrumented a special java.util.Set into: sun.nio.ch.WindowsSelectorImpl@41fe8e5f
12:38:33.382 [main] TRACE io.netty.channel.nio.NioEventLoop - instrumented a special java.util.Set into: sun.nio.ch.WindowsSelectorImpl@3062f9f4
12:38:33.384 [main] TRACE io.netty.channel.nio.NioEventLoop - instrumented a special java.util.Set into: sun.nio.ch.WindowsSelectorImpl@2016f509
12:38:33.386 [main] TRACE io.netty.channel.nio.NioEventLoop - instrumented a special java.util.Set into: sun.nio.ch.WindowsSelectorImpl@6f1a80fb
12:38:33.388 [main] TRACE io.netty.channel.nio.NioEventLoop - instrumented a special java.util.Set into: sun.nio.ch.WindowsSelectorImpl@5a237731
12:38:33.391 [main] TRACE io.netty.channel.nio.NioEventLoop - instrumented a special java.util.Set into: sun.nio.ch.WindowsSelectorImpl@7d2998d8
12:38:33.393 [main] TRACE io.netty.channel.nio.NioEventLoop - instrumented a special java.util.Set into: sun.nio.ch.WindowsSelectorImpl@6a0094c9
12:38:33.395 [main] TRACE io.netty.channel.nio.NioEventLoop - instrumented a special java.util.Set into: sun.nio.ch.WindowsSelectorImpl@51a6cc2a
12:38:33.397 [main] TRACE io.netty.channel.nio.NioEventLoop - instrumented a special java.util.Set into: sun.nio.ch.WindowsSelectorImpl@10fda3d0
12:38:33.398 [main] TRACE io.netty.channel.nio.NioEventLoop - instrumented a special java.util.Set into: sun.nio.ch.WindowsSelectorImpl@2123064f
12:38:33.400 [main] TRACE io.netty.channel.nio.NioEventLoop - instrumented a special java.util.Set into: sun.nio.ch.WindowsSelectorImpl@4f6b687e
12:38:33.402 [main] TRACE io.netty.channel.nio.NioEventLoop - instrumented a special java.util.Set into: sun.nio.ch.WindowsSelectorImpl@28cb3a25
12:38:33.404 [main] TRACE io.netty.channel.nio.NioEventLoop - instrumented a special java.util.Set into: sun.nio.ch.WindowsSelectorImpl@5555ffcf
12:38:33.429 [main] DEBUG io.netty.buffer.PooledByteBufAllocator - -Dio.netty.allocator.numHeapArenas: 16
12:38:33.429 [main] DEBUG io.netty.buffer.PooledByteBufAllocator - -Dio.netty.allocator.numDirectArenas: 16
12:38:33.429 [main] DEBUG io.netty.buffer.PooledByteBufAllocator - -Dio.netty.allocator.pageSize: 8192
12:38:33.429 [main] DEBUG io.netty.buffer.PooledByteBufAllocator - -Dio.netty.allocator.maxOrder: 11
12:38:33.429 [main] DEBUG io.netty.buffer.PooledByteBufAllocator - -Dio.netty.allocator.chunkSize: 16777216
12:38:33.429 [main] DEBUG io.netty.buffer.PooledByteBufAllocator - -Dio.netty.allocator.smallCacheSize: 256
12:38:33.430 [main] DEBUG io.netty.buffer.PooledByteBufAllocator - -Dio.netty.allocator.normalCacheSize: 64
12:38:33.430 [main] DEBUG io.netty.buffer.PooledByteBufAllocator - -Dio.netty.allocator.maxCachedBufferCapacity: 32768
12:38:33.430 [main] DEBUG io.netty.buffer.PooledByteBufAllocator - -Dio.netty.allocator.cacheTrimInterval: 8192
12:38:33.430 [main] DEBUG io.netty.buffer.PooledByteBufAllocator - -Dio.netty.allocator.cacheTrimIntervalMillis: 0
12:38:33.430 [main] DEBUG io.netty.buffer.PooledByteBufAllocator - -Dio.netty.allocator.useCacheForAllThreads: true
12:38:33.430 [main] DEBUG io.netty.buffer.PooledByteBufAllocator - -Dio.netty.allocator.maxCachedByteBuffersPerChunk: 1023
12:38:33.451 [main] DEBUG io.netty.buffer.ByteBufUtil - -Dio.netty.allocator.type: pooled
12:38:33.452 [main] DEBUG io.netty.buffer.ByteBufUtil - -Dio.netty.threadLocalDirectBufferSize: 0
12:38:33.452 [main] DEBUG io.netty.buffer.ByteBufUtil - -Dio.netty.maxThreadLocalCharBufferSize: 16384
12:38:34.099 [Forwarding newSession on session null to remote] DEBUG io.netty.channel.DefaultChannelId - -Dio.netty.processId: 13908 (auto-detected)
12:38:34.101 [Forwarding newSession on session null to remote] DEBUG io.netty.util.NetUtil - -Djava.net.preferIPv4Stack: false
12:38:34.101 [Forwarding newSession on session null to remote] DEBUG io.netty.util.NetUtil - -Djava.net.preferIPv6Addresses: false
12:38:34.109 [Forwarding newSession on session null to remote] DEBUG io.netty.util.NetUtilInitializations - Loopback interface: lo (Software Loopback Interface 1, 127.0.0.1)
12:38:34.110 [Forwarding newSession on session null to remote] DEBUG io.netty.util.NetUtil - Failed to get SOMAXCONN from sysctl and file \proc\sys\net\core\somaxconn. Default: 200
12:38:34.141 [Forwarding newSession on session null to remote] DEBUG io.netty.channel.DefaultChannelId - -Dio.netty.machineId: 98:22:ef:ff:fe:d0:8f:77 (auto-detected)
12:38:34.186 [AsyncHttpClient-1-2] DEBUG io.netty.buffer.AbstractByteBuf - -Dio.netty.buffer.checkAccessible: true
12:38:34.186 [AsyncHttpClient-1-2] DEBUG io.netty.buffer.AbstractByteBuf - -Dio.netty.buffer.checkBounds: true
12:38:34.186 [AsyncHttpClient-1-2] DEBUG io.netty.util.ResourceLeakDetectorFactory - Loaded default ResourceLeakDetector: io.netty.util.ResourceLeakDetector@46055337
12:38:34.209 [AsyncHttpClient-1-2] DEBUG io.netty.util.Recycler - -Dio.netty.recycler.maxCapacityPerThread: 4096
12:38:34.209 [AsyncHttpClient-1-2] DEBUG io.netty.util.Recycler - -Dio.netty.recycler.maxSharedCapacityFactor: 2
12:38:34.209 [AsyncHttpClient-1-2] DEBUG io.netty.util.Recycler - -Dio.netty.recycler.linkCapacity: 16
12:38:34.209 [AsyncHttpClient-1-2] DEBUG io.netty.util.Recycler - -Dio.netty.recycler.ratio: 8
12:38:34.209 [AsyncHttpClient-1-2] DEBUG io.netty.util.Recycler - -Dio.netty.recycler.delayedQueue.ratio: 8
12:38:34.870 [main] DEBUG io.netty.util.internal.ThreadLocalRandom - -Dio.netty.initialSeedUniquifier: 0xa0c313e043c41df8
12:38:34.910 [main] INFO  testCases.TC_001_AccountRegistartion - launched chromebrowser
12:38:34.931 [main] INFO  testCases.TC_001_AccountRegistartion - starting TC_001_AccountRegistartion
12:38:35.602 [main] INFO  testCases.TC_001_AccountRegistartion - home page displayed
12:38:36.138 [main] INFO  testCases.TC_001_AccountRegistartion - clicked on Myaccount
12:38:36.736 [main] INFO  testCases.TC_001_AccountRegistartion - clicked on Register
12:38:36.895 [main] INFO  testCases.TC_001_AccountRegistartion - provided first name
12:38:37.019 [main] INFO  testCases.TC_001_AccountRegistartion - provided last name
12:38:37.153 [main] INFO  testCases.TC_001_AccountRegistartion - provided email
12:38:37.267 [main] INFO  testCases.TC_001_AccountRegistartion - Provided Telephone 
12:38:37.380 [main] INFO  testCases.TC_001_AccountRegistartion - Provided Password 
12:38:37.505 [main] INFO  testCases.TC_001_AccountRegistartion - Provided Confrmed Password 
12:38:37.612 [main] INFO  testCases.TC_001_AccountRegistartion - Set Privacy Policy 
12:38:38.432 [main] INFO  testCases.TC_001_AccountRegistartion - Clicked on Continue 
12:38:38.498 [main] INFO  testCases.TC_001_AccountRegistartion - Account Registration Success 
12:38:38.501 [main] INFO  testCases.TC_001_AccountRegistartion - Finished TC_001_AccountRegistartion
12:38:38.531 [AsyncHttpClient-1-4] TRACE io.netty.handler.codec.http.websocketx.WebSocket08FrameEncoder - Encoding WebSocket Frame opCode=8 length=26
12:38:40.507 [main] INFO  testCases.TC_002_Login - launched chromebrowser
12:38:40.518 [main] INFO  testCases.TC_002_Login - started TC_002_Login 
12:38:41.358 [main] INFO  testCases.TC_002_Login - Home Page Displayed
12:38:42.292 [main] INFO  testCases.TC_002_Login - clicked on Myaccount 
12:38:42.731 [main] INFO  testCases.TC_002_Login -  clicked on Login
12:38:42.882 [main] INFO  testCases.TC_002_Login - Provided email
12:38:43.010 [main] INFO  testCases.TC_002_Login - provided password
12:38:43.801 [main] INFO  testCases.TC_002_Login - clicked Login
12:38:43.887 [main] INFO  testCases.TC_002_Login - Login success
12:38:43.887 [main] INFO  testCases.TC_002_Login - Finished TC_002_Login
12:38:43.890 [AsyncHttpClient-1-7] TRACE io.netty.handler.codec.http.websocketx.WebSocket08FrameEncoder - Encoding WebSocket Frame opCode=8 length=26
12:38:44.922 [AsyncHttpClient-1-4] DEBUG io.netty.buffer.PoolThreadCache - Freed 4 thread-local buffer(s) from thread: AsyncHttpClient-1-4
12:38:44.922 [AsyncHttpClient-1-3] DEBUG io.netty.buffer.PoolThreadCache - Freed 2 thread-local buffer(s) from thread: AsyncHttpClient-1-3
12:38:44.923 [AsyncHttpClient-1-2] DEBUG io.netty.buffer.PoolThreadCache - Freed 25 thread-local buffer(s) from thread: AsyncHttpClient-1-2
12:39:22.463 [main] DEBUG io.netty.util.internal.logging.InternalLoggerFactory - Using Log4J2 as the default logging framework
12:39:22.478 [main] DEBUG io.netty.util.ResourceLeakDetector - -Dio.netty.leakDetection.level: simple
12:39:22.479 [main] DEBUG io.netty.util.ResourceLeakDetector - -Dio.netty.leakDetection.targetRecords: 4
12:39:22.486 [main] DEBUG io.netty.util.ResourceLeakDetectorFactory - Loaded default ResourceLeakDetector: io.netty.util.ResourceLeakDetector@7c1c5936
12:39:22.518 [main] DEBUG io.netty.util.internal.PlatformDependent - Platform: Windows
12:39:22.522 [main] DEBUG io.netty.util.internal.PlatformDependent0 - -Dio.netty.noUnsafe: false
12:39:22.522 [main] DEBUG io.netty.util.internal.PlatformDependent0 - Java version: 16
12:39:22.527 [main] DEBUG io.netty.util.internal.PlatformDependent0 - sun.misc.Unsafe.theUnsafe: available
12:39:22.528 [main] DEBUG io.netty.util.internal.PlatformDependent0 - sun.misc.Unsafe.copyMemory: available
12:39:22.529 [main] DEBUG io.netty.util.internal.PlatformDependent0 - java.nio.Buffer.address: available
12:39:22.530 [main] DEBUG io.netty.util.internal.PlatformDependent0 - direct buffer constructor: unavailable
java.lang.UnsupportedOperationException: Reflective setAccessible(true) disabled
	at io.netty.util.internal.ReflectionUtil.trySetAccessible(ReflectionUtil.java:31) ~[netty-common-4.1.63.Final.jar:4.1.63.Final]
	at io.netty.util.internal.PlatformDependent0$4.run(PlatformDependent0.java:239) ~[netty-common-4.1.63.Final.jar:4.1.63.Final]
	at java.security.AccessController.doPrivileged(AccessController.java:312) ~[?:?]
	at io.netty.util.internal.PlatformDependent0.<clinit>(PlatformDependent0.java:233) ~[netty-common-4.1.63.Final.jar:4.1.63.Final]
	at io.netty.util.internal.PlatformDependent.isAndroid(PlatformDependent.java:294) ~[netty-common-4.1.63.Final.jar:4.1.63.Final]
	at io.netty.util.internal.PlatformDependent.<clinit>(PlatformDependent.java:93) ~[netty-common-4.1.63.Final.jar:4.1.63.Final]
	at io.netty.util.HashedWheelTimer.<init>(HashedWheelTimer.java:109) ~[netty-common-4.1.63.Final.jar:4.1.63.Final]
	at io.netty.util.HashedWheelTimer.<init>(HashedWheelTimer.java:218) ~[netty-common-4.1.63.Final.jar:4.1.63.Final]
	at io.netty.util.HashedWheelTimer.<init>(HashedWheelTimer.java:197) ~[netty-common-4.1.63.Final.jar:4.1.63.Final]
	at org.asynchttpclient.DefaultAsyncHttpClient.newNettyTimer(DefaultAsyncHttpClient.java:111) ~[async-http-client-2.12.3.jar:?]
	at org.asynchttpclient.DefaultAsyncHttpClient.<init>(DefaultAsyncHttpClient.java:90) ~[async-http-client-2.12.3.jar:?]
	at org.asynchttpclient.Dsl.asyncHttpClient(Dsl.java:32) ~[async-http-client-2.12.3.jar:?]
	at org.openqa.selenium.remote.http.netty.NettyClient.createHttpClient(NettyClient.java:100) ~[selenium-remote-driver-4.0.0-beta-4.jar:?]
	at org.openqa.selenium.remote.http.netty.NettyClient.<clinit>(NettyClient.java:51) ~[selenium-remote-driver-4.0.0-beta-4.jar:?]
	at org.openqa.selenium.remote.http.netty.NettyClient$Factory.createClient(NettyClient.java:149) ~[selenium-remote-driver-4.0.0-beta-4.jar:?]
	at org.openqa.selenium.remote.HttpCommandExecutor.<init>(HttpCommandExecutor.java:107) ~[selenium-remote-driver-4.0.0-beta-4.jar:?]
	at org.openqa.selenium.remote.HttpCommandExecutor.<init>(HttpCommandExecutor.java:94) ~[selenium-remote-driver-4.0.0-beta-4.jar:?]
	at org.openqa.selenium.remote.HttpCommandExecutor.<init>(HttpCommandExecutor.java:85) ~[selenium-remote-driver-4.0.0-beta-4.jar:?]
	at org.openqa.selenium.remote.service.DriverCommandExecutor.<init>(DriverCommandExecutor.java:77) ~[selenium-remote-driver-4.0.0-beta-4.jar:?]
	at org.openqa.selenium.chromium.ChromiumDriverCommandExecutor.<init>(ChromiumDriverCommandExecutor.java:78) ~[selenium-chromium-driver-4.0.0-beta-4.jar:?]
	at org.openqa.selenium.chrome.ChromeDriver.<init>(ChromeDriver.java:99) ~[selenium-chrome-driver-4.0.0-beta-4.jar:?]
	at org.openqa.selenium.chrome.ChromeDriver.<init>(ChromeDriver.java:86) ~[selenium-chrome-driver-4.0.0-beta-4.jar:?]
	at org.openqa.selenium.chrome.ChromeDriver.<init>(ChromeDriver.java:41) ~[selenium-chrome-driver-4.0.0-beta-4.jar:?]
	at testBase.BaseClass.setup(BaseClass.java:45) ~[test-classes/:?]
	at jdk.internal.reflect.NativeMethodAccessorImpl.invoke0(Native Method) ~[?:?]
	at jdk.internal.reflect.NativeMethodAccessorImpl.invoke(NativeMethodAccessorImpl.java:78) ~[?:?]
	at jdk.internal.reflect.DelegatingMethodAccessorImpl.invoke(DelegatingMethodAccessorImpl.java:43) ~[?:?]
	at java.lang.reflect.Method.invoke(Method.java:567) ~[?:?]
	at org.testng.internal.MethodInvocationHelper.invokeMethod(MethodInvocationHelper.java:132) ~[testng-7.3.0.jar:?]
	at org.testng.internal.MethodInvocationHelper.invokeMethodConsideringTimeout(MethodInvocationHelper.java:61) ~[testng-7.3.0.jar:?]
	at org.testng.internal.ConfigInvoker.invokeConfigurationMethod(ConfigInvoker.java:366) ~[testng-7.3.0.jar:?]
	at org.testng.internal.ConfigInvoker.invokeConfigurations(ConfigInvoker.java:320) ~[testng-7.3.0.jar:?]
	at org.testng.internal.TestMethodWorker.invokeBeforeClassMethods(TestMethodWorker.java:176) ~[testng-7.3.0.jar:?]
	at org.testng.internal.TestMethodWorker.run(TestMethodWorker.java:122) ~[testng-7.3.0.jar:?]
	at java.util.ArrayList.forEach(ArrayList.java:1511) [?:?]
	at org.testng.TestRunner.privateRun(TestRunner.java:764) [testng-7.3.0.jar:?]
	at org.testng.TestRunner.run(TestRunner.java:585) [testng-7.3.0.jar:?]
	at org.testng.SuiteRunner.runTest(SuiteRunner.java:384) [testng-7.3.0.jar:?]
	at org.testng.SuiteRunner.runSequentially(SuiteRunner.java:378) [testng-7.3.0.jar:?]
	at org.testng.SuiteRunner.privateRun(SuiteRunner.java:337) [testng-7.3.0.jar:?]
	at org.testng.SuiteRunner.run(SuiteRunner.java:286) [testng-7.3.0.jar:?]
	at org.testng.SuiteRunnerWorker.runSuite(SuiteRunnerWorker.java:53) [testng-7.3.0.jar:?]
	at org.testng.SuiteRunnerWorker.run(SuiteRunnerWorker.java:96) [testng-7.3.0.jar:?]
	at org.testng.TestNG.runSuitesSequentially(TestNG.java:1218) [testng-7.3.0.jar:?]
	at org.testng.TestNG.runSuitesLocally(TestNG.java:1140) [testng-7.3.0.jar:?]
	at org.testng.TestNG.runSuites(TestNG.java:1069) [testng-7.3.0.jar:?]
	at org.testng.TestNG.run(TestNG.java:1037) [testng-7.3.0.jar:?]
	at org.apache.maven.surefire.testng.TestNGExecutor.run(TestNGExecutor.java:284) [surefire-testng-3.0.0-M5.jar:3.0.0-M5]
	at org.apache.maven.surefire.testng.TestNGXmlTestSuite.execute(TestNGXmlTestSuite.java:75) [surefire-testng-3.0.0-M5.jar:3.0.0-M5]
	at org.apache.maven.surefire.testng.TestNGProvider.invoke(TestNGProvider.java:119) [surefire-testng-3.0.0-M5.jar:3.0.0-M5]
	at org.apache.maven.surefire.booter.ForkedBooter.runSuitesInProcess(ForkedBooter.java:428) [surefire-booter-3.0.0-M5.jar:3.0.0-M5]
	at org.apache.maven.surefire.booter.ForkedBooter.execute(ForkedBooter.java:162) [surefire-booter-3.0.0-M5.jar:3.0.0-M5]
	at org.apache.maven.surefire.booter.ForkedBooter.run(ForkedBooter.java:562) [surefire-booter-3.0.0-M5.jar:3.0.0-M5]
	at org.apache.maven.surefire.booter.ForkedBooter.main(ForkedBooter.java:548) [surefire-booter-3.0.0-M5.jar:3.0.0-M5]
12:39:22.545 [main] DEBUG io.netty.util.internal.PlatformDependent0 - java.nio.Bits.unaligned: available, true
12:39:22.546 [main] DEBUG io.netty.util.internal.PlatformDependent0 - jdk.internal.misc.Unsafe.allocateUninitializedArray(int): unavailable
java.lang.IllegalAccessException: class io.netty.util.internal.PlatformDependent0$6 cannot access class jdk.internal.misc.Unsafe (in module java.base) because module java.base does not export jdk.internal.misc to unnamed module @19d481b
	at jdk.internal.reflect.Reflection.newIllegalAccessException(Reflection.java:385) ~[?:?]
	at java.lang.reflect.AccessibleObject.checkAccess(AccessibleObject.java:687) ~[?:?]
	at java.lang.reflect.Method.invoke(Method.java:559) ~[?:?]
	at io.netty.util.internal.PlatformDependent0$6.run(PlatformDependent0.java:353) ~[netty-common-4.1.63.Final.jar:4.1.63.Final]
	at java.security.AccessController.doPrivileged(AccessController.java:312) ~[?:?]
	at io.netty.util.internal.PlatformDependent0.<clinit>(PlatformDependent0.java:344) ~[netty-common-4.1.63.Final.jar:4.1.63.Final]
	at io.netty.util.internal.PlatformDependent.isAndroid(PlatformDependent.java:294) ~[netty-common-4.1.63.Final.jar:4.1.63.Final]
	at io.netty.util.internal.PlatformDependent.<clinit>(PlatformDependent.java:93) ~[netty-common-4.1.63.Final.jar:4.1.63.Final]
	at io.netty.util.HashedWheelTimer.<init>(HashedWheelTimer.java:109) ~[netty-common-4.1.63.Final.jar:4.1.63.Final]
	at io.netty.util.HashedWheelTimer.<init>(HashedWheelTimer.java:218) ~[netty-common-4.1.63.Final.jar:4.1.63.Final]
	at io.netty.util.HashedWheelTimer.<init>(HashedWheelTimer.java:197) ~[netty-common-4.1.63.Final.jar:4.1.63.Final]
	at org.asynchttpclient.DefaultAsyncHttpClient.newNettyTimer(DefaultAsyncHttpClient.java:111) ~[async-http-client-2.12.3.jar:?]
	at org.asynchttpclient.DefaultAsyncHttpClient.<init>(DefaultAsyncHttpClient.java:90) ~[async-http-client-2.12.3.jar:?]
	at org.asynchttpclient.Dsl.asyncHttpClient(Dsl.java:32) ~[async-http-client-2.12.3.jar:?]
	at org.openqa.selenium.remote.http.netty.NettyClient.createHttpClient(NettyClient.java:100) ~[selenium-remote-driver-4.0.0-beta-4.jar:?]
	at org.openqa.selenium.remote.http.netty.NettyClient.<clinit>(NettyClient.java:51) ~[selenium-remote-driver-4.0.0-beta-4.jar:?]
	at org.openqa.selenium.remote.http.netty.NettyClient$Factory.createClient(NettyClient.java:149) ~[selenium-remote-driver-4.0.0-beta-4.jar:?]
	at org.openqa.selenium.remote.HttpCommandExecutor.<init>(HttpCommandExecutor.java:107) ~[selenium-remote-driver-4.0.0-beta-4.jar:?]
	at org.openqa.selenium.remote.HttpCommandExecutor.<init>(HttpCommandExecutor.java:94) ~[selenium-remote-driver-4.0.0-beta-4.jar:?]
	at org.openqa.selenium.remote.HttpCommandExecutor.<init>(HttpCommandExecutor.java:85) ~[selenium-remote-driver-4.0.0-beta-4.jar:?]
	at org.openqa.selenium.remote.service.DriverCommandExecutor.<init>(DriverCommandExecutor.java:77) ~[selenium-remote-driver-4.0.0-beta-4.jar:?]
	at org.openqa.selenium.chromium.ChromiumDriverCommandExecutor.<init>(ChromiumDriverCommandExecutor.java:78) ~[selenium-chromium-driver-4.0.0-beta-4.jar:?]
	at org.openqa.selenium.chrome.ChromeDriver.<init>(ChromeDriver.java:99) ~[selenium-chrome-driver-4.0.0-beta-4.jar:?]
	at org.openqa.selenium.chrome.ChromeDriver.<init>(ChromeDriver.java:86) ~[selenium-chrome-driver-4.0.0-beta-4.jar:?]
	at org.openqa.selenium.chrome.ChromeDriver.<init>(ChromeDriver.java:41) ~[selenium-chrome-driver-4.0.0-beta-4.jar:?]
	at testBase.BaseClass.setup(BaseClass.java:45) ~[test-classes/:?]
	at jdk.internal.reflect.NativeMethodAccessorImpl.invoke0(Native Method) ~[?:?]
	at jdk.internal.reflect.NativeMethodAccessorImpl.invoke(NativeMethodAccessorImpl.java:78) ~[?:?]
	at jdk.internal.reflect.DelegatingMethodAccessorImpl.invoke(DelegatingMethodAccessorImpl.java:43) ~[?:?]
	at java.lang.reflect.Method.invoke(Method.java:567) ~[?:?]
	at org.testng.internal.MethodInvocationHelper.invokeMethod(MethodInvocationHelper.java:132) ~[testng-7.3.0.jar:?]
	at org.testng.internal.MethodInvocationHelper.invokeMethodConsideringTimeout(MethodInvocationHelper.java:61) ~[testng-7.3.0.jar:?]
	at org.testng.internal.ConfigInvoker.invokeConfigurationMethod(ConfigInvoker.java:366) ~[testng-7.3.0.jar:?]
	at org.testng.internal.ConfigInvoker.invokeConfigurations(ConfigInvoker.java:320) ~[testng-7.3.0.jar:?]
	at org.testng.internal.TestMethodWorker.invokeBeforeClassMethods(TestMethodWorker.java:176) ~[testng-7.3.0.jar:?]
	at org.testng.internal.TestMethodWorker.run(TestMethodWorker.java:122) ~[testng-7.3.0.jar:?]
	at java.util.ArrayList.forEach(ArrayList.java:1511) [?:?]
	at org.testng.TestRunner.privateRun(TestRunner.java:764) [testng-7.3.0.jar:?]
	at org.testng.TestRunner.run(TestRunner.java:585) [testng-7.3.0.jar:?]
	at org.testng.SuiteRunner.runTest(SuiteRunner.java:384) [testng-7.3.0.jar:?]
	at org.testng.SuiteRunner.runSequentially(SuiteRunner.java:378) [testng-7.3.0.jar:?]
	at org.testng.SuiteRunner.privateRun(SuiteRunner.java:337) [testng-7.3.0.jar:?]
	at org.testng.SuiteRunner.run(SuiteRunner.java:286) [testng-7.3.0.jar:?]
	at org.testng.SuiteRunnerWorker.runSuite(SuiteRunnerWorker.java:53) [testng-7.3.0.jar:?]
	at org.testng.SuiteRunnerWorker.run(SuiteRunnerWorker.java:96) [testng-7.3.0.jar:?]
	at org.testng.TestNG.runSuitesSequentially(TestNG.java:1218) [testng-7.3.0.jar:?]
	at org.testng.TestNG.runSuitesLocally(TestNG.java:1140) [testng-7.3.0.jar:?]
	at org.testng.TestNG.runSuites(TestNG.java:1069) [testng-7.3.0.jar:?]
	at org.testng.TestNG.run(TestNG.java:1037) [testng-7.3.0.jar:?]
	at org.apache.maven.surefire.testng.TestNGExecutor.run(TestNGExecutor.java:284) [surefire-testng-3.0.0-M5.jar:3.0.0-M5]
	at org.apache.maven.surefire.testng.TestNGXmlTestSuite.execute(TestNGXmlTestSuite.java:75) [surefire-testng-3.0.0-M5.jar:3.0.0-M5]
	at org.apache.maven.surefire.testng.TestNGProvider.invoke(TestNGProvider.java:119) [surefire-testng-3.0.0-M5.jar:3.0.0-M5]
	at org.apache.maven.surefire.booter.ForkedBooter.runSuitesInProcess(ForkedBooter.java:428) [surefire-booter-3.0.0-M5.jar:3.0.0-M5]
	at org.apache.maven.surefire.booter.ForkedBooter.execute(ForkedBooter.java:162) [surefire-booter-3.0.0-M5.jar:3.0.0-M5]
	at org.apache.maven.surefire.booter.ForkedBooter.run(ForkedBooter.java:562) [surefire-booter-3.0.0-M5.jar:3.0.0-M5]
	at org.apache.maven.surefire.booter.ForkedBooter.main(ForkedBooter.java:548) [surefire-booter-3.0.0-M5.jar:3.0.0-M5]
12:39:22.550 [main] DEBUG io.netty.util.internal.PlatformDependent0 - java.nio.DirectByteBuffer.<init>(long, int): unavailable
12:39:22.550 [main] DEBUG io.netty.util.internal.PlatformDependent - sun.misc.Unsafe: available
12:39:22.551 [main] DEBUG io.netty.util.internal.PlatformDependent - maxDirectMemory: 2113929216 bytes (maybe)
12:39:22.552 [main] DEBUG io.netty.util.internal.PlatformDependent - -Dio.netty.tmpdir: C:\Users\remya\AppData\Local\Temp (java.io.tmpdir)
12:39:22.552 [main] DEBUG io.netty.util.internal.PlatformDependent - -Dio.netty.bitMode: 64 (sun.arch.data.model)
12:39:22.554 [main] DEBUG io.netty.util.internal.PlatformDependent - -Dio.netty.maxDirectMemory: -1 bytes
12:39:22.554 [main] DEBUG io.netty.util.internal.PlatformDependent - -Dio.netty.uninitializedArrayAllocationThreshold: -1
12:39:22.556 [main] DEBUG io.netty.util.internal.CleanerJava9 - java.nio.ByteBuffer.cleaner(): available
12:39:22.557 [main] DEBUG io.netty.util.internal.PlatformDependent - -Dio.netty.noPreferDirect: false
12:39:22.571 [main] DEBUG io.netty.util.internal.PlatformDependent - org.jctools-core.MpscChunkedArrayQueue: available
12:39:22.603 [main] DEBUG io.netty.util.internal.InternalThreadLocalMap - -Dio.netty.threadLocalMap.stringBuilder.initialSize: 1024
12:39:22.604 [main] DEBUG io.netty.util.internal.InternalThreadLocalMap - -Dio.netty.threadLocalMap.stringBuilder.maxSize: 4096
12:39:22.696 [main] DEBUG io.netty.handler.ssl.JdkSslContext - Default protocols (JDK): [TLSv1.3, TLSv1.2] 
12:39:22.696 [main] DEBUG io.netty.handler.ssl.JdkSslContext - Default cipher suites (JDK): [TLS_ECDHE_ECDSA_WITH_AES_256_GCM_SHA384, TLS_ECDHE_ECDSA_WITH_AES_128_GCM_SHA256, TLS_ECDHE_RSA_WITH_AES_128_GCM_SHA256, TLS_ECDHE_RSA_WITH_AES_256_GCM_SHA384, TLS_ECDHE_RSA_WITH_AES_128_CBC_SHA, TLS_ECDHE_RSA_WITH_AES_256_CBC_SHA, TLS_RSA_WITH_AES_128_GCM_SHA256, TLS_RSA_WITH_AES_128_CBC_SHA, TLS_RSA_WITH_AES_256_CBC_SHA, TLS_AES_128_GCM_SHA256, TLS_AES_256_GCM_SHA384]
12:39:22.746 [main] DEBUG io.netty.channel.MultithreadEventLoopGroup - -Dio.netty.eventLoopThreads: 16
12:39:22.764 [main] DEBUG io.netty.channel.nio.NioEventLoop - -Dio.netty.noKeySetOptimization: false
12:39:22.764 [main] DEBUG io.netty.channel.nio.NioEventLoop - -Dio.netty.selectorAutoRebuildThreshold: 512
12:39:22.784 [main] TRACE io.netty.channel.nio.NioEventLoop - instrumented a special java.util.Set into: sun.nio.ch.WindowsSelectorImpl@34acbc60
12:39:22.787 [main] TRACE io.netty.channel.nio.NioEventLoop - instrumented a special java.util.Set into: sun.nio.ch.WindowsSelectorImpl@76889e60
12:39:22.790 [main] TRACE io.netty.channel.nio.NioEventLoop - instrumented a special java.util.Set into: sun.nio.ch.WindowsSelectorImpl@706fe5c6
12:39:22.793 [main] TRACE io.netty.channel.nio.NioEventLoop - instrumented a special java.util.Set into: sun.nio.ch.WindowsSelectorImpl@6c15e8c7
12:39:22.795 [main] TRACE io.netty.channel.nio.NioEventLoop - instrumented a special java.util.Set into: sun.nio.ch.WindowsSelectorImpl@56380231
12:39:22.798 [main] TRACE io.netty.channel.nio.NioEventLoop - instrumented a special java.util.Set into: sun.nio.ch.WindowsSelectorImpl@64f1fd08
12:39:22.800 [main] TRACE io.netty.channel.nio.NioEventLoop - instrumented a special java.util.Set into: sun.nio.ch.WindowsSelectorImpl@6b3f6585
12:39:22.803 [main] TRACE io.netty.channel.nio.NioEventLoop - instrumented a special java.util.Set into: sun.nio.ch.WindowsSelectorImpl@282ffbf5
12:39:22.805 [main] TRACE io.netty.channel.nio.NioEventLoop - instrumented a special java.util.Set into: sun.nio.ch.WindowsSelectorImpl@3e104d4b
12:39:22.808 [main] TRACE io.netty.channel.nio.NioEventLoop - instrumented a special java.util.Set into: sun.nio.ch.WindowsSelectorImpl@55e2fe3c
12:39:22.810 [main] TRACE io.netty.channel.nio.NioEventLoop - instrumented a special java.util.Set into: sun.nio.ch.WindowsSelectorImpl@45e1aa48
12:39:22.813 [main] TRACE io.netty.channel.nio.NioEventLoop - instrumented a special java.util.Set into: sun.nio.ch.WindowsSelectorImpl@12c60152
12:39:22.815 [main] TRACE io.netty.channel.nio.NioEventLoop - instrumented a special java.util.Set into: sun.nio.ch.WindowsSelectorImpl@2e807c54
12:39:22.818 [main] TRACE io.netty.channel.nio.NioEventLoop - instrumented a special java.util.Set into: sun.nio.ch.WindowsSelectorImpl@6cd164a6
12:39:22.820 [main] TRACE io.netty.channel.nio.NioEventLoop - instrumented a special java.util.Set into: sun.nio.ch.WindowsSelectorImpl@242a209e
12:39:22.823 [main] TRACE io.netty.channel.nio.NioEventLoop - instrumented a special java.util.Set into: sun.nio.ch.WindowsSelectorImpl@64469d8
12:39:22.860 [main] DEBUG io.netty.buffer.PooledByteBufAllocator - -Dio.netty.allocator.numHeapArenas: 16
12:39:22.860 [main] DEBUG io.netty.buffer.PooledByteBufAllocator - -Dio.netty.allocator.numDirectArenas: 16
12:39:22.860 [main] DEBUG io.netty.buffer.PooledByteBufAllocator - -Dio.netty.allocator.pageSize: 8192
12:39:22.860 [main] DEBUG io.netty.buffer.PooledByteBufAllocator - -Dio.netty.allocator.maxOrder: 11
12:39:22.861 [main] DEBUG io.netty.buffer.PooledByteBufAllocator - -Dio.netty.allocator.chunkSize: 16777216
12:39:22.861 [main] DEBUG io.netty.buffer.PooledByteBufAllocator - -Dio.netty.allocator.smallCacheSize: 256
12:39:22.861 [main] DEBUG io.netty.buffer.PooledByteBufAllocator - -Dio.netty.allocator.normalCacheSize: 64
12:39:22.861 [main] DEBUG io.netty.buffer.PooledByteBufAllocator - -Dio.netty.allocator.maxCachedBufferCapacity: 32768
12:39:22.861 [main] DEBUG io.netty.buffer.PooledByteBufAllocator - -Dio.netty.allocator.cacheTrimInterval: 8192
12:39:22.861 [main] DEBUG io.netty.buffer.PooledByteBufAllocator - -Dio.netty.allocator.cacheTrimIntervalMillis: 0
12:39:22.861 [main] DEBUG io.netty.buffer.PooledByteBufAllocator - -Dio.netty.allocator.useCacheForAllThreads: true
12:39:22.861 [main] DEBUG io.netty.buffer.PooledByteBufAllocator - -Dio.netty.allocator.maxCachedByteBuffersPerChunk: 1023
12:39:22.883 [main] DEBUG io.netty.buffer.ByteBufUtil - -Dio.netty.allocator.type: pooled
12:39:22.883 [main] DEBUG io.netty.buffer.ByteBufUtil - -Dio.netty.threadLocalDirectBufferSize: 0
12:39:22.884 [main] DEBUG io.netty.buffer.ByteBufUtil - -Dio.netty.maxThreadLocalCharBufferSize: 16384
12:39:24.093 [Forwarding newSession on session null to remote] DEBUG io.netty.channel.DefaultChannelId - -Dio.netty.processId: 5284 (auto-detected)
12:39:24.098 [Forwarding newSession on session null to remote] DEBUG io.netty.util.NetUtil - -Djava.net.preferIPv4Stack: false
12:39:24.098 [Forwarding newSession on session null to remote] DEBUG io.netty.util.NetUtil - -Djava.net.preferIPv6Addresses: false
12:39:24.115 [Forwarding newSession on session null to remote] DEBUG io.netty.util.NetUtilInitializations - Loopback interface: lo (Software Loopback Interface 1, 127.0.0.1)
12:39:24.117 [Forwarding newSession on session null to remote] DEBUG io.netty.util.NetUtil - Failed to get SOMAXCONN from sysctl and file \proc\sys\net\core\somaxconn. Default: 200
12:39:24.186 [Forwarding newSession on session null to remote] DEBUG io.netty.channel.DefaultChannelId - -Dio.netty.machineId: 98:22:ef:ff:fe:d0:8f:77 (auto-detected)
12:39:24.277 [AsyncHttpClient-1-2] DEBUG io.netty.buffer.AbstractByteBuf - -Dio.netty.buffer.checkAccessible: true
12:39:24.277 [AsyncHttpClient-1-2] DEBUG io.netty.buffer.AbstractByteBuf - -Dio.netty.buffer.checkBounds: true
12:39:24.278 [AsyncHttpClient-1-2] DEBUG io.netty.util.ResourceLeakDetectorFactory - Loaded default ResourceLeakDetector: io.netty.util.ResourceLeakDetector@1f84fea9
12:39:24.319 [AsyncHttpClient-1-2] DEBUG io.netty.util.Recycler - -Dio.netty.recycler.maxCapacityPerThread: 4096
12:39:24.319 [AsyncHttpClient-1-2] DEBUG io.netty.util.Recycler - -Dio.netty.recycler.maxSharedCapacityFactor: 2
12:39:24.319 [AsyncHttpClient-1-2] DEBUG io.netty.util.Recycler - -Dio.netty.recycler.linkCapacity: 16
12:39:24.319 [AsyncHttpClient-1-2] DEBUG io.netty.util.Recycler - -Dio.netty.recycler.ratio: 8
12:39:24.320 [AsyncHttpClient-1-2] DEBUG io.netty.util.Recycler - -Dio.netty.recycler.delayedQueue.ratio: 8
12:39:25.455 [main] DEBUG io.netty.util.internal.ThreadLocalRandom - -Dio.netty.initialSeedUniquifier: 0x8bbb2ea674c638f3
12:39:25.526 [main] INFO  testCases.TC_001_AccountRegistartion - launched chromebrowser
12:39:25.563 [main] INFO  testCases.TC_001_AccountRegistartion - starting TC_001_AccountRegistartion
12:39:26.380 [main] INFO  testCases.TC_001_AccountRegistartion - home page displayed
12:39:27.366 [main] INFO  testCases.TC_001_AccountRegistartion - clicked on Myaccount
12:39:27.914 [main] INFO  testCases.TC_001_AccountRegistartion - clicked on Register
12:39:28.055 [main] INFO  testCases.TC_001_AccountRegistartion - provided first name
12:39:28.165 [main] INFO  testCases.TC_001_AccountRegistartion - provided last name
12:39:28.308 [main] INFO  testCases.TC_001_AccountRegistartion - provided email
12:39:28.431 [main] INFO  testCases.TC_001_AccountRegistartion - Provided Telephone 
12:39:28.545 [main] INFO  testCases.TC_001_AccountRegistartion - Provided Password 
12:39:28.656 [main] INFO  testCases.TC_001_AccountRegistartion - Provided Confrmed Password 
12:39:28.753 [main] INFO  testCases.TC_001_AccountRegistartion - Set Privacy Policy 
12:39:29.557 [main] INFO  testCases.TC_001_AccountRegistartion - Clicked on Continue 
12:39:29.618 [main] INFO  testCases.TC_001_AccountRegistartion - Account Registration Success 
12:39:29.621 [main] INFO  testCases.TC_001_AccountRegistartion - Finished TC_001_AccountRegistartion
12:39:29.655 [AsyncHttpClient-1-4] TRACE io.netty.handler.codec.http.websocketx.WebSocket08FrameEncoder - Encoding WebSocket Frame opCode=8 length=26
12:39:31.631 [main] INFO  testCases.TC_002_Login - launched chromebrowser
12:39:31.643 [main] INFO  testCases.TC_002_Login - started TC_002_Login 
12:39:32.626 [main] INFO  testCases.TC_002_Login - Home Page Displayed
12:39:33.577 [main] INFO  testCases.TC_002_Login - clicked on Myaccount 
12:39:34.034 [main] INFO  testCases.TC_002_Login -  clicked on Login
12:39:34.183 [main] INFO  testCases.TC_002_Login - Provided email
12:39:34.309 [main] INFO  testCases.TC_002_Login - provided password
12:39:35.156 [main] INFO  testCases.TC_002_Login - clicked Login
12:39:35.237 [main] INFO  testCases.TC_002_Login - Login success
12:39:35.237 [main] INFO  testCases.TC_002_Login - Finished TC_002_Login
12:39:35.239 [AsyncHttpClient-1-7] TRACE io.netty.handler.codec.http.websocketx.WebSocket08FrameEncoder - Encoding WebSocket Frame opCode=8 length=26
